ARM GAS  /tmp/cc261i4N.s 			page 1


   1              		.cpu cortex-m4
   2              		.arch armv7e-m
   3              		.fpu fpv4-sp-d16
   4              		.eabi_attribute 27, 1
   5              		.eabi_attribute 28, 1
   6              		.eabi_attribute 20, 1
   7              		.eabi_attribute 21, 1
   8              		.eabi_attribute 23, 3
   9              		.eabi_attribute 24, 1
  10              		.eabi_attribute 25, 1
  11              		.eabi_attribute 26, 1
  12              		.eabi_attribute 30, 1
  13              		.eabi_attribute 34, 1
  14              		.eabi_attribute 18, 4
  15              		.file	"gpio.c"
  16              		.text
  17              	.Ltext0:
  18              		.cfi_sections	.debug_frame
  19              		.file 1 "Core/Src/gpio.c"
  20              		.section	.text.MX_GPIO_Init,"ax",%progbits
  21              		.align	1
  22              		.global	MX_GPIO_Init
  23              		.syntax unified
  24              		.thumb
  25              		.thumb_func
  27              	MX_GPIO_Init:
  28              	.LFB288:
   1:Core/Src/gpio.c **** /* USER CODE BEGIN Header */
   2:Core/Src/gpio.c **** /**
   3:Core/Src/gpio.c ****   ******************************************************************************
   4:Core/Src/gpio.c ****   * @file    gpio.c
   5:Core/Src/gpio.c ****   * @brief   This file provides code for the configuration
   6:Core/Src/gpio.c ****   *          of all used GPIO pins.
   7:Core/Src/gpio.c ****   ******************************************************************************
   8:Core/Src/gpio.c ****   * @attention
   9:Core/Src/gpio.c ****   *
  10:Core/Src/gpio.c ****   * Copyright (c) 2024 STMicroelectronics.
  11:Core/Src/gpio.c ****   * All rights reserved.
  12:Core/Src/gpio.c ****   *
  13:Core/Src/gpio.c ****   * This software is licensed under terms that can be found in the LICENSE file
  14:Core/Src/gpio.c ****   * in the root directory of this software component.
  15:Core/Src/gpio.c ****   * If no LICENSE file comes with this software, it is provided AS-IS.
  16:Core/Src/gpio.c ****   *
  17:Core/Src/gpio.c ****   ******************************************************************************
  18:Core/Src/gpio.c ****   */
  19:Core/Src/gpio.c **** /* USER CODE END Header */
  20:Core/Src/gpio.c **** 
  21:Core/Src/gpio.c **** /* Includes ------------------------------------------------------------------*/
  22:Core/Src/gpio.c **** #include "gpio.h"
  23:Core/Src/gpio.c **** 
  24:Core/Src/gpio.c **** /* USER CODE BEGIN 0 */
  25:Core/Src/gpio.c **** 
  26:Core/Src/gpio.c **** /* USER CODE END 0 */
  27:Core/Src/gpio.c **** 
  28:Core/Src/gpio.c **** /*----------------------------------------------------------------------------*/
  29:Core/Src/gpio.c **** /* Configure GPIO                                                             */
  30:Core/Src/gpio.c **** /*----------------------------------------------------------------------------*/
ARM GAS  /tmp/cc261i4N.s 			page 2


  31:Core/Src/gpio.c **** /* USER CODE BEGIN 1 */
  32:Core/Src/gpio.c **** 
  33:Core/Src/gpio.c **** /* USER CODE END 1 */
  34:Core/Src/gpio.c **** 
  35:Core/Src/gpio.c **** /** Configure pins as
  36:Core/Src/gpio.c ****         * Analog
  37:Core/Src/gpio.c ****         * Input
  38:Core/Src/gpio.c ****         * Output
  39:Core/Src/gpio.c ****         * EVENT_OUT
  40:Core/Src/gpio.c ****         * EXTI
  41:Core/Src/gpio.c **** */
  42:Core/Src/gpio.c **** void MX_GPIO_Init(void)
  43:Core/Src/gpio.c **** {
  29              		.loc 1 43 1 view -0
  30              		.cfi_startproc
  31              		@ args = 0, pretend = 0, frame = 32
  32              		@ frame_needed = 0, uses_anonymous_args = 0
  33 0000 F0B5     		push	{r4, r5, r6, r7, lr}
  34              		.cfi_def_cfa_offset 20
  35              		.cfi_offset 4, -20
  36              		.cfi_offset 5, -16
  37              		.cfi_offset 6, -12
  38              		.cfi_offset 7, -8
  39              		.cfi_offset 14, -4
  40 0002 89B0     		sub	sp, sp, #36
  41              		.cfi_def_cfa_offset 56
  44:Core/Src/gpio.c **** 
  45:Core/Src/gpio.c ****   GPIO_InitTypeDef GPIO_InitStruct = {0};
  42              		.loc 1 45 3 view .LVU1
  43              		.loc 1 45 20 is_stmt 0 view .LVU2
  44 0004 03AD     		add	r5, sp, #12
  45 0006 0024     		movs	r4, #0
  46 0008 0394     		str	r4, [sp, #12]
  47 000a 0494     		str	r4, [sp, #16]
  48 000c 0594     		str	r4, [sp, #20]
  49 000e 0694     		str	r4, [sp, #24]
  50 0010 0794     		str	r4, [sp, #28]
  46:Core/Src/gpio.c **** 
  47:Core/Src/gpio.c ****   /* GPIO Ports Clock Enable */
  48:Core/Src/gpio.c ****   __HAL_RCC_GPIOA_CLK_ENABLE();
  51              		.loc 1 48 3 is_stmt 1 view .LVU3
  52              	.LBB2:
  53              		.loc 1 48 3 view .LVU4
  54              		.loc 1 48 3 view .LVU5
  55 0012 1A4B     		ldr	r3, .L3
  56 0014 DA6C     		ldr	r2, [r3, #76]
  57 0016 42F00102 		orr	r2, r2, #1
  58 001a DA64     		str	r2, [r3, #76]
  59              		.loc 1 48 3 view .LVU6
  60 001c DA6C     		ldr	r2, [r3, #76]
  61 001e 02F00102 		and	r2, r2, #1
  62 0022 0192     		str	r2, [sp, #4]
  63              		.loc 1 48 3 view .LVU7
  64 0024 019A     		ldr	r2, [sp, #4]
  65              	.LBE2:
  66              		.loc 1 48 3 view .LVU8
  49:Core/Src/gpio.c ****   __HAL_RCC_GPIOB_CLK_ENABLE();
ARM GAS  /tmp/cc261i4N.s 			page 3


  67              		.loc 1 49 3 view .LVU9
  68              	.LBB3:
  69              		.loc 1 49 3 view .LVU10
  70              		.loc 1 49 3 view .LVU11
  71 0026 DA6C     		ldr	r2, [r3, #76]
  72 0028 42F00202 		orr	r2, r2, #2
  73 002c DA64     		str	r2, [r3, #76]
  74              		.loc 1 49 3 view .LVU12
  75 002e DB6C     		ldr	r3, [r3, #76]
  76 0030 03F00203 		and	r3, r3, #2
  77 0034 0293     		str	r3, [sp, #8]
  78              		.loc 1 49 3 view .LVU13
  79 0036 029B     		ldr	r3, [sp, #8]
  80              	.LBE3:
  81              		.loc 1 49 3 view .LVU14
  50:Core/Src/gpio.c **** 
  51:Core/Src/gpio.c ****   /*Configure GPIO pin Output Level */
  52:Core/Src/gpio.c ****   HAL_GPIO_WritePin(led_dat_GPIO_Port, led_dat_Pin, GPIO_PIN_RESET);
  82              		.loc 1 52 3 view .LVU15
  83 0038 114F     		ldr	r7, .L3+4
  84 003a 2246     		mov	r2, r4
  85 003c 0121     		movs	r1, #1
  86 003e 3846     		mov	r0, r7
  87 0040 FFF7FEFF 		bl	HAL_GPIO_WritePin
  88              	.LVL0:
  53:Core/Src/gpio.c **** 
  54:Core/Src/gpio.c ****   /*Configure GPIO pin Output Level */
  55:Core/Src/gpio.c ****   HAL_GPIO_WritePin(led_GPIO_Port, led_Pin, GPIO_PIN_RESET);
  89              		.loc 1 55 3 view .LVU16
  90 0044 2246     		mov	r2, r4
  91 0046 0221     		movs	r1, #2
  92 0048 4FF09040 		mov	r0, #1207959552
  93 004c FFF7FEFF 		bl	HAL_GPIO_WritePin
  94              	.LVL1:
  56:Core/Src/gpio.c **** 
  57:Core/Src/gpio.c ****   /*Configure GPIO pin : PtPin */
  58:Core/Src/gpio.c ****   GPIO_InitStruct.Pin = led_dat_Pin;
  95              		.loc 1 58 3 view .LVU17
  96              		.loc 1 58 23 is_stmt 0 view .LVU18
  97 0050 0126     		movs	r6, #1
  98 0052 0396     		str	r6, [sp, #12]
  59:Core/Src/gpio.c ****   GPIO_InitStruct.Mode = GPIO_MODE_OUTPUT_PP;
  99              		.loc 1 59 3 is_stmt 1 view .LVU19
 100              		.loc 1 59 24 is_stmt 0 view .LVU20
 101 0054 0496     		str	r6, [sp, #16]
  60:Core/Src/gpio.c ****   GPIO_InitStruct.Pull = GPIO_NOPULL;
 102              		.loc 1 60 3 is_stmt 1 view .LVU21
 103              		.loc 1 60 24 is_stmt 0 view .LVU22
 104 0056 0594     		str	r4, [sp, #20]
  61:Core/Src/gpio.c ****   GPIO_InitStruct.Speed = GPIO_SPEED_FREQ_LOW;
 105              		.loc 1 61 3 is_stmt 1 view .LVU23
 106              		.loc 1 61 25 is_stmt 0 view .LVU24
 107 0058 0694     		str	r4, [sp, #24]
  62:Core/Src/gpio.c ****   HAL_GPIO_Init(led_dat_GPIO_Port, &GPIO_InitStruct);
 108              		.loc 1 62 3 is_stmt 1 view .LVU25
 109 005a 2946     		mov	r1, r5
 110 005c 3846     		mov	r0, r7
ARM GAS  /tmp/cc261i4N.s 			page 4


 111 005e FFF7FEFF 		bl	HAL_GPIO_Init
 112              	.LVL2:
  63:Core/Src/gpio.c **** 
  64:Core/Src/gpio.c ****   /*Configure GPIO pin : PtPin */
  65:Core/Src/gpio.c ****   GPIO_InitStruct.Pin = led_Pin;
 113              		.loc 1 65 3 view .LVU26
 114              		.loc 1 65 23 is_stmt 0 view .LVU27
 115 0062 0223     		movs	r3, #2
 116 0064 0393     		str	r3, [sp, #12]
  66:Core/Src/gpio.c ****   GPIO_InitStruct.Mode = GPIO_MODE_OUTPUT_OD;
 117              		.loc 1 66 3 is_stmt 1 view .LVU28
 118              		.loc 1 66 24 is_stmt 0 view .LVU29
 119 0066 1123     		movs	r3, #17
 120 0068 0493     		str	r3, [sp, #16]
  67:Core/Src/gpio.c ****   GPIO_InitStruct.Pull = GPIO_PULLUP;
 121              		.loc 1 67 3 is_stmt 1 view .LVU30
 122              		.loc 1 67 24 is_stmt 0 view .LVU31
 123 006a 0596     		str	r6, [sp, #20]
  68:Core/Src/gpio.c ****   GPIO_InitStruct.Speed = GPIO_SPEED_FREQ_LOW;
 124              		.loc 1 68 3 is_stmt 1 view .LVU32
 125              		.loc 1 68 25 is_stmt 0 view .LVU33
 126 006c 0694     		str	r4, [sp, #24]
  69:Core/Src/gpio.c ****   HAL_GPIO_Init(led_GPIO_Port, &GPIO_InitStruct);
 127              		.loc 1 69 3 is_stmt 1 view .LVU34
 128 006e 2946     		mov	r1, r5
 129 0070 4FF09040 		mov	r0, #1207959552
 130 0074 FFF7FEFF 		bl	HAL_GPIO_Init
 131              	.LVL3:
  70:Core/Src/gpio.c **** 
  71:Core/Src/gpio.c **** }
 132              		.loc 1 71 1 is_stmt 0 view .LVU35
 133 0078 09B0     		add	sp, sp, #36
 134              		.cfi_def_cfa_offset 20
 135              		@ sp needed
 136 007a F0BD     		pop	{r4, r5, r6, r7, pc}
 137              	.L4:
 138              		.align	2
 139              	.L3:
 140 007c 00100240 		.word	1073876992
 141 0080 00040048 		.word	1207960576
 142              		.cfi_endproc
 143              	.LFE288:
 145              		.text
 146              	.Letext0:
 147              		.file 2 "/usr/arm-none-eabi/include/machine/_default_types.h"
 148              		.file 3 "/usr/arm-none-eabi/include/sys/_stdint.h"
 149              		.file 4 "Drivers/CMSIS/Device/ST/STM32L4xx/Include/stm32l431xx.h"
 150              		.file 5 "Drivers/STM32L4xx_HAL_Driver/Inc/stm32l4xx_hal_gpio.h"
ARM GAS  /tmp/cc261i4N.s 			page 5


DEFINED SYMBOLS
                            *ABS*:00000000 gpio.c
     /tmp/cc261i4N.s:21     .text.MX_GPIO_Init:00000000 $t
     /tmp/cc261i4N.s:27     .text.MX_GPIO_Init:00000000 MX_GPIO_Init
     /tmp/cc261i4N.s:140    .text.MX_GPIO_Init:0000007c $d

UNDEFINED SYMBOLS
HAL_GPIO_WritePin
HAL_GPIO_Init
